c:\users\tool\documents\vısual studıo 2017\projects\taskshedulercpu\taskshedulercpu\debug\taskshedulercpu.pch
c:\users\tool\documents\vısual studıo 2017\projects\taskshedulercpu\taskshedulercpu\debug\vc141.pdb
c:\users\tool\documents\vısual studıo 2017\projects\taskshedulercpu\taskshedulercpu\debug\vc141.ıdb
c:\users\tool\documents\vısual studıo 2017\projects\taskshedulercpu\taskshedulercpu\debug\stdafx.obj
c:\users\tool\documents\vısual studıo 2017\projects\taskshedulercpu\taskshedulercpu\debug\task.obj
c:\users\tool\documents\vısual studıo 2017\projects\taskshedulercpu\taskshedulercpu\debug\taskshedulercpu.obj
c:\users\tool\documents\vısual studıo 2017\projects\taskshedulercpu\debug\taskshedulercpu.ılk
c:\users\tool\documents\vısual studıo 2017\projects\taskshedulercpu\debug\taskshedulercpu.exe
c:\users\tool\documents\vısual studıo 2017\projects\taskshedulercpu\debug\taskshedulercpu.pdb
c:\users\tool\documents\visual studio 2017\projects\taskshedulercpu\taskshedulercpu\debug\stdafx.obj
c:\users\tool\documents\visual studio 2017\projects\taskshedulercpu\taskshedulercpu\debug\task.obj
c:\users\tool\documents\visual studio 2017\projects\taskshedulercpu\taskshedulercpu\debug\taskshedulercpu.obj
c:\users\tool\documents\visual studio 2017\projects\taskshedulercpu\taskshedulercpu\debug\taskshedulercpu.pch
c:\users\tool\documents\visual studio 2017\projects\taskshedulercpu\taskshedulercpu\debug\vc141.idb
c:\users\tool\documents\visual studio 2017\projects\taskshedulercpu\taskshedulercpu\debug\vc141.pdb
c:\users\tool\documents\visual studio 2017\projects\taskshedulercpu\debug\taskshedulercpu.pdb
c:\users\tool\documents\visual studio 2017\projects\taskshedulercpu\debug\taskshedulercpu.exe
c:\users\tool\documents\visual studio 2017\projects\taskshedulercpu\debug\taskshedulercpu.ilk
c:\users\tool\documents\visual studio 2017\projects\taskshedulercpu\taskshedulercpu\debug\taskshedulercpu.tlog\cl.command.1.tlog
c:\users\tool\documents\visual studio 2017\projects\taskshedulercpu\taskshedulercpu\debug\taskshedulercpu.tlog\cl.read.1.tlog
c:\users\tool\documents\visual studio 2017\projects\taskshedulercpu\taskshedulercpu\debug\taskshedulercpu.tlog\cl.write.1.tlog
c:\users\tool\documents\visual studio 2017\projects\taskshedulercpu\taskshedulercpu\debug\taskshedulercpu.tlog\link.command.1.tlog
c:\users\tool\documents\visual studio 2017\projects\taskshedulercpu\taskshedulercpu\debug\taskshedulercpu.tlog\link.read.1.tlog
c:\users\tool\documents\visual studio 2017\projects\taskshedulercpu\taskshedulercpu\debug\taskshedulercpu.tlog\link.write.1.tlog
